make.exe all --print-data-base --no-builtin-variables --no-builtin-rules --question
# GNU Make 3.81
# Copyright (C) 2006  Free Software Foundation, Inc.
# This is free software; see the source for copying conditions.
# There is NO warranty; not even for MERCHANTABILITY or FITNESS FOR A
# PARTICULAR PURPOSE.

# This program built for i686-pc-msys
 

# Make data base, printed on Mon Jul 18 11:43:08 2022

# Variables

# automatic
<D = $(patsubst %/,%,$(dir $<))
# automatic
?F = $(notdir $?)
# makefile
MAKEFLAGS = Rrqp
# automatic
?D = $(patsubst %/,%,$(dir $?))
# environment
PLATFORMIO_IDE = 2.5.0
# automatic
@D = $(patsubst %/,%,$(dir $@))
# environment
HOMEDRIVE = C:
# automatic
@F = $(notdir $@)
# automatic
^D = $(patsubst %/,%,$(dir $^))
# makefile
CURDIR := /d/Code/Git/Strees-Test
# default
SHELL := /bin/sh
# environment
WINDIR = C:\windows
# environment
VSCODE_NLS_CONFIG = {"locale":"en-us","availableLanguages":{},"_languagePackSupport":true}
# environment
ONEDRIVE = C:\Users\shabrawii\OneDrive
# environment
 
PATHEXT = .COM;.EXE;.BAT;.CMD;.VBS;.VBE;.JS;.JSE;.WSF;.WSH;.MSC
# makefile (from `Makefile', line 1)
MAKEFILE_LIST :=  Makefile
# environment
TMP = /tmp
# environment
PROGRAMW6432 = C:\Program Files
# environment
PROGRAMDATA = C:\ProgramData
# environment
VSCODE_CWD = C:\Users\shabrawii\AppData\Local\Programs\Microsoft VS Code
# environment
NO_PROXY = 127.0.0.1
# environment
SW_SIM_HYDRA = C:\Program Files\Common Files\SolidWorks Shared\Simulation Worker Agent\
# environment
COMMONPROGRAMW6432 = C:\Program Files\Common Files
# environment
ZES_ENABLE_SYSMAN = 1
# environment
PROCESSOR_ARCHITECTURE = x86
# environment
USERPROFILE = C:\Users\shabrawii
# environment
ALLUSERSPROFILE = C:\ProgramData
# environment
NUMBER_OF_PROCESSORS = 16
# environment
ELECTRON_RUN_AS_NODE = 1
# default
.FEATURES := target-specific order-only second-expansion else-if archives jobserver check-symlink
# automatic
%F = $(notdir $%)
# environment
CHROME_CRASHPAD_PIPE_NAME = \\.\pipe\crashpad_23624_WUIMXNFIEPPVKHWQ
# environment
COMPUTERNAME = SHABRAWII
# environment
PROGRAMFILES = C:\Program Files (x86)
# environment
USERDNSDOMAIN = std.mans.edu.eg
# environment
DRIVERDATA = C:\Windows\System32\Drivers\DriverData
# environment
ASL.LOG = Destination=file
# environment
ORIGINAL_XDG_CURRENT_DESKTOP = undefined
# environment
USERNAME = shabrawii
# environment
PUBLIC = C:\Users\Public
# environment
VSCODE_AMD_ENTRYPOINT = vs/workbench/api/node/extensionHostProcess
# environment
HOME = /c/Users/shabrawii
# environment
VSCODE_CODE_CACHE_PATH = C:\Users\shabrawii\AppData\Roaming\Code\CachedData\b06ae3b2d2dbfe28bca3134cc6be65935cdfea6a
# environment
APPLICATION_INSIGHTS_NO_DIAGNOSTIC_CHANNEL = 1
# environment
COMMONPROGRAMFILES = C:\Program Files (x86)\Common Files
# environment
LOGONSERVER = \\SHABRAWII
# environment
VSCODE_HANDLES_UNCAUGHT_ERRORS = true
# environment
USERDOMAIN = STD
# environment
PLATFORMIO_PATH = C:\Users\shabrawii\.platformio\penv\Scripts;C:\Users\shabrawii\.platformio\penv;C:\Users\shabrawii\.platformio\python3;C:\Program Files\Common Files\Oracle\Java\javapath;C:\Program Files (x86)\Common Files\Oracle\Java\javapath;C:\windows\system32;C:\windows;C:\windows\System32\Wbem;C:\windows\System32\WindowsPowerShell\v1.0\;C:\windows\System32\OpenSSH\;C:\Program Files (x86)\NVIDIA Corporation\PhysX\Common;C:\Program Files\NVIDIA Corporation\NVIDIA NvDLISR;C:\Program Files\Microsoft SQL Server\Client SDK\ODBC\110\Tools\Binn\;C:\Program Files (x86)\Microsoft SQL Server\120\Tools\Binn\;C:\Program Files\Microsoft SQL Server\120\Tools\Binn\;C:\Program Files\Microsoft SQL Server\120\DTS\Binn\;C:\Program Files (x86)\Windows Kits\8.1\Windows Performance Toolkit\;C:\MinGW\bin\;C:\Program Files\Git\cmd;C:\Program Files\MATLAB\R2022a\bin;C:\Program Files\Git\usr\bin\;D:\Code\Coding\C++\CodeB\Templates;C:\MinGW\msys\1.0\bin;C:\Program Files\Java\jdk-18.0.1.1\bin;C:\Users\shabrawii\AppData\Local\Microsoft\WindowsApps;C:\Users\shabrawii\AppData\Local\Programs\Microsoft VS Code\bin;C:\Users\shabrawii\AppData\Local\GitHubDesktop\bin;C:\Program Files\Common Files\Oracle\Java\javapath;C:\Program Files (x86)\Common Files\Oracle\Java\javapath;C:\windows\system32;C:\windows;C:\windows\System32\Wbem;C:\windows\System32\WindowsPowerShell\v1.0\;C:\windows\System32\OpenSSH\;C:\Program Files (x86)\NVIDIA Corporation\PhysX\Common;C:\Program Files\NVIDIA Corporation\NVIDIA NvDLISR;C:\Program Files\Microsoft SQL Server\Client SDK\ODBC\110\Tools\Binn\;C:\Program Files (x86)\Microsoft SQL Server\120\Tools\Binn\;C:\Program Files\Microsoft SQL Server\120\Tools\Binn\;C:\Program Files\Microsoft SQL Server\120\DTS\Binn\;C:\Program Files (x86)\Windows Kits\8.1\Windows Performance Toolkit\;C:\MinGW\bin\;C:\Program Files\Git\cmd;C:\Program Files\MATLAB\R2022a\bin;C:\Program Files\Git\usr\bin\;D:\Code\Coding\C++\CodeB\Templates;C:\MinGW\msys\1.0\bin;C:\Program Files\Java\jdk-18.0.1.1\bin;C:\Users\shabrawii\AppData\Local\Microsoft\WindowsApps;C:\Users\shabrawii\AppData\Local\Programs\Microsoft VS Code\bin;C:\Users\shabrawii\AppData\Local\GitHubDesktop\bin
# default
MAKE = $(MAKE_COMMAND)
# default
MAKECMDGOALS := all
# environment
PATH = /c/Program Files/Common Files/Oracle/Java/javapath:/c/Program Files (x86)/Common Files/Oracle/Java/javapath:/c/windows/system32:/c/windows:/c/windows/System32/Wbem:/c/windows/System32/WindowsPowerShell/v1.0/:/c/windows/System32/OpenSSH/:/c/Program Files (x86)/NVIDIA Corporation/PhysX/Common:/c/Program Files/NVIDIA Corporation/NVIDIA NvDLISR:/c/Program Files/Microsoft SQL Server/Client SDK/ODBC/110/Tools/Binn/:/c/Program Files (x86)/Microsoft SQL Server/120/Tools/Binn/:/c/Program Files/Microsoft SQL Server/120/Tools/Binn/:/c/Program Files/Microsoft SQL Server/120/DTS/Binn/:/c/Program Files (x86)/Windows Kits/8.1/Windows Performance Toolkit/:/mingw/bin/:/c/Program Files/Git/cmd:/c/Program Files/MATLAB/R2022a/bin:/c/Program Files/Git/usr/bin/:/d/Code/Coding/C++/CodeB/Templates:/usr/bin:/c/Program Files/Java/jdk-18.0.1.1/bin:/c/Users/shabrawii/AppData/Local/Microsoft/WindowsApps:/c/Users/shabrawii/AppData/Local/Programs/Microsoft VS Code/bin:/c/Users/shabrawii/AppData/Local/GitHubDesktop/bin
# environment
!D: = d:\Code\Git\Strees-Test
# environment
JAVA_HOME = C:\Program Files\Java\jre1.8.0_333
# default
MAKE_VERSION := 3.81
# makefile
.DEFAULT_GOAL := all
# environment
PROGRAMFILES(X86) = C:\Program Files (x86)
# automatic
%D = $(patsubst %/,%,$(dir $%))
# environment
LOCALAPPDATA = C:\Users\shabrawii\AppData\Local
# environment
PSMODULEPATH = C:\Program Files\WindowsPowerShell\Modules;C:\windows\system32\WindowsPowerShell\v1.0\Modules;C:\Program Files (x86)\Microsoft SQL Server\120\Tools\PowerShell\Modules\
# default
MAKE_COMMAND := make.exe
# environment
PROCESSOR_ARCHITEW6432 = AMD64
# default
.VARIABLES := 
# automatic
*F = $(notdir $*)
# environment
PROCESSOR_IDENTIFIER = Intel64 Family 6 Model 141 Stepping 1, GenuineIntel
# environment
OS = Windows_NT
# environment
VSCODE_IPC_HOOK = \\.\pipe\6c5fc6f4f96697ba40f8f3c3fbb612d5-1.69.1-main-sock
# environment
HOMEPATH = \Users\shabrawii
# environment
COMMONPROGRAMFILES(X86) = C:\Program Files (x86)\Common Files
# environment
PROMPT = $P$G
# environment
MFLAGS = -Rrqp
# automatic
*D = $(patsubst %/,%,$(dir $*))
# environment
SYSTEMROOT = C:\windows
# automatic
+D = $(patsubst %/,%,$(dir $+))
# automatic
+F = $(notdir $+)
# environment
APPDATA = C:\Users\shabrawii\AppData\Roaming
# environment
TEMP = /tmp
# environment
COMSPEC = C:\windows\system32\cmd.exe
# default
MAKEFILES := 
# automatic
<F = $(notdir $<)
# environment
PLATFORMIO_CALLER = vscode
# environment
LC_ALL = C
# environment
SW_SIM_TEMP = C:\ProgramData\SOLIDWORKS\SW_net_sim_temp\
# automatic
^F = $(notdir $^)
# default
SUFFIXES := 
# environment
SYSTEMDRIVE = C:
# environment
SESSIONNAME = Console
# environment
PROCESSOR_REVISION = 8d01
# environment
SW_SIM_MPIT = INTELMPI
# default
.INCLUDE_DIRS = /usr/include /usr/include
# environment
MAKELEVEL := 0
# environment
LANG = C
# environment
PROCESSOR_LEVEL = 6
# environment
TERM = cygwin
# environment
VSCODE_PID = 23624
# environment
USERDOMAIN_ROAMINGPROFILE = STD
# variable set hash-table stats:
# Load=96/1024=9%, Rehash=0, Collisions=10/125=8%

# Pattern-specific Variable Values

# No pattern-specific variable values.

# Directories

# . (device 32591, inode 230175): 16 files, no impossibilities.

# 16 files, no impossibilities in 1 directories.

# Implicit Rules

# No implicit rules.

# Files

Build_Obj/WA.C++: Coding_WA/WA_Solution.cpp
#  Implicit rule search has not been done.
#  Modification time never checked.
#  File has not been updated.
#  commands to execute (from `Makefile', line 18):
	@g++ -O2 -std=c++17  -fsanitize=address -fsanitize=undefined -D_GLIBCXX_DEBUG -g -w -Wshadow -Wall -o Build_Obj/WA.C++ Coding_WA/WA_Solution.cpp
	

build_AC:
#  Implicit rule search has been done.
#  File does not exist.
#  File has been updated.
#  Successfully updated.
# variable set hash-table stats:
# Load=0/32=0%, Rehash=0, Collisions=0/0=0%

Coding_AC/AC_Solution.class: Coding_AC/AC_Solution.java
#  Implicit rule search has not been done.
#  Modification time never checked.
#  File has not been updated.
#  commands to execute (from `Makefile', line 13):
	@javac Coding_AC/AC_Solution.java
	

all: build_Generator build_AC build_WA return
#  Command-line target.
#  Implicit rule search has been done.
#  File does not exist.
#  File has been updated.
#  Needs to be updated (-q is set).
# variable set hash-table stats:
# Load=0/32=0%, Rehash=0, Collisions=0/2=0%

# Not a target:
Coding_WA/WA_Solution.java:
#  Implicit rule search has not been done.
#  Modification time never checked.
#  File has not been updated.

Coding_AC/dist/AC_Solution: Coding_AC/AC_Solution.py
#  Implicit rule search has not been done.
#  Modification time never checked.
#  File has not been updated.
#  commands to execute (from `Makefile', line 15):
	@cd Coding_AC;python3 -m PyInstaller -F AC_Solution.py 2>/dev/null
	

# Not a target:
Coding_WA/WA_Solution.cpp:
#  Implicit rule search has not been done.
#  Modification time never checked.
#  File has not been updated.

# Not a target:
.SUFFIXES:
#  Implicit rule search has not been done.
#  Modification time never checked.
#  File has not been updated.

# Not a target:
Makefile:
#  Implicit rule search has been done.
#  Last modified 2022-07-18 11:36:35
#  File has been updated.
#  Successfully updated.
# variable set hash-table stats:
# Load=0/32=0%, Rehash=0, Collisions=0/0=0%

# Not a target:
Coding_AC/AC_Solution.java:
#  Implicit rule search has not been done.
#  Modification time never checked.
#  File has not been updated.

return:
#  Implicit rule search has not been done.
#  Implicit/static pattern stem: `'
#  File does not exist.
#  File has been updated.
#  Needs to be updated (-q is set).
# automatic
# @ := return
# automatic
# % := 
# automatic
# * := 
# automatic
# + := 
# automatic
# | := 
# automatic
# < := 
# automatic
# ^ := 
# automatic
# ? := 
# variable set hash-table stats:
# Load=8/32=25%, Rehash=0, Collisions=1/10=10%
#  commands to execute (from `Makefile', line 24):
	@echo -n 
	

build_WA:
#  Implicit rule search has been done.
#  File does not exist.
#  File has been updated.
#  Successfully updated.
# variable set hash-table stats:
# Load=0/32=0%, Rehash=0, Collisions=0/0=0%

# Not a target:
Generator/Stress_Generator.cpp:
#  Implicit rule search has been done.
#  Last modified 2022-07-18 10:55:16
#  File has been updated.
#  Successfully updated.
# variable set hash-table stats:
# Load=0/32=0%, Rehash=0, Collisions=0/0=0%

# Not a target:
Coding_AC/AC_Solution.cpp:
#  Implicit rule search has not been done.
#  Modification time never checked.
#  File has not been updated.

build_Generator: Build_Obj/Generator
#  Implicit rule search has been done.
#  File does not exist.
#  File has been updated.
#  Successfully updated.
# variable set hash-table stats:
# Load=0/32=0%, Rehash=0, Collisions=0/0=0%

Build_Obj/AC.C++: Coding_AC/AC_Solution.cpp
#  Implicit rule search has not been done.
#  Modification time never checked.
#  File has not been updated.
#  commands to execute (from `Makefile', line 11):
	@g++ -O2 -std=c++17  -fsanitize=address -fsanitize=undefined -D_GLIBCXX_DEBUG -g -w -Wshadow -Wall -o Build_Obj/AC.C++ Coding_AC/AC_Solution.cpp
	

# Not a target:
.DEFAULT:
#  Implicit rule search has not been done.
#  Modification time never checked.
#  File has not been updated.

# Not a target:
Coding_WA/WA_Solution.py:
#  Implicit rule search has not been done.
#  Modification time never checked.
#  File has not been updated.

Build_Obj/Generator: Generator/Stress_Generator.cpp
#  Implicit rule search has not been done.
#  Last modified 2022-07-18 10:55:31
#  File has been updated.
#  Successfully updated.
# variable set hash-table stats:
# Load=0/32=0%, Rehash=0, Collisions=0/0=0%
#  commands to execute (from `Makefile', line 8):
	@g++ -O2 -std=c++17  -fsanitize=address -fsanitize=undefined -D_GLIBCXX_DEBUG -g -w -Wshadow -Wall -o Build_Obj/Generator Generator/Stress_Generator.cpp
	

Coding_WA/WA_Solution.class: Coding_WA/WA_Solution.java
#  Implicit rule search has not been done.
#  Modification time never checked.
#  File has not been updated.
#  commands to execute (from `Makefile', line 20):
 
	@javac Coding_WA/WA_Solution.java
	

# Not a target:
Coding_AC/AC_Solution.py:
#  Implicit rule search has not been done.
#  Modification time never checked.
#  File has not been updated.

Coding_WA/dist/WA_Solution: Coding_WA/WA_Solution.py
#  Implicit rule search has not been done.
#  Modification time never checked.
#  File has not been updated.
#  commands to execute (from `Makefile', line 22):
	@cd Coding_WA;python3 -m PyInstaller -F WA_Solution.py 2>/dev/null
	

# files hash-table stats:
# Load=22/1024=2%, Rehash=0, Collisions=1/47=2%
# VPATH Search Paths

# No `vpath' search paths.

# No general (`VPATH' variable) search path.

# # of strings in strcache: 1
# # of strcache buffers: 1
# strcache size: total = 4096 / max = 4096 / min = 4096 / avg = 4096
# strcache free: total = 4087 / max = 4087 / min = 4087 / avg = 4087

# Finished Make data base on Mon Jul 18 11:43:09 2022

 
